ionosphere

K: 10
C: 1
Original Data Error:  0.1111111111111111
C: 0.001
Modified Data Error:  0.05555555555555555
K: 100
C: 1
Original Data Error:  0.1111111111111111
C: 0.01
Modified Data Error:  0.08333333333333333
K: 1000
C: 10
Original Data Error:  0.1388888888888889
C: 0.001
Modified Data Error:  0.027777777777777776
K: 10000
C: 0.1
Original Data Error:  0.1388888888888889
C: 0.001
Modified Data Error:  0.05555555555555555

Breast Cancer

K: 10
C: 10
Original Data Error:  0.034482758620689655
C: 0.01
Modified Data Error:  0.08620689655172414
K: 100
C: 0.1
Original Data Error:  0.017241379310344827
C: 10
Modified Data Error:  0.1206896551724138
K: 1000
C: 0.001
Original Data Error:  0.05172413793103448
C: 0.1
Modified Data Error:  0.05172413793103448
K: 10000
C: 0.001
Original Data Error:  0.05172413793103448
C: 0.01
Modified Data Error:  0.06896551724137931

Qsar

K: 10
C: 0.1
Original Data Error:  0.12264150943396226
C: 0.001
Modified Data Error:  0.08490566037735849
K: 100
C: 0.1
Original Data Error:  0.12264150943396226
C: 0.001
Modified Data Error:  0.11320754716981132
K: 1000
C: 0.1
Original Data Error:  0.11320754716981132
C: 0.001
Modified Data Error:  0.08490566037735849
K: 10000
C: 0.01
Original Data Error:  0.12264150943396226
C: 0.001
Modified Data Error:  0.09433962264150944

Climate

K: 10
C: 1
Original Data Error:  0.01818181818181818
C: 0.01
Modified Data Error:  0.03636363636363636
K: 100
C: 1
Original Data Error:  0.01818181818181818
C: 0.01
Modified Data Error:  0.03636363636363636
K: 1000
C: 10
Original Data Error:  0.03636363636363636
C: 0.01
Modified Data Error:  0.03636363636363636
K: 10000
C: 1
Original Data Error:  0.01818181818181818
C: 0.01
Modified Data Error:  0.03636363636363636